CRITICAL - 2022-05-07 20:51:33 --> file_get_contents(C:\xampp\htdocs\sisjam_code\app\Views\debug.css): Failed to open stream: No such file or directory
#0 [internal function]: CodeIgniter\Debug\Exceptions->errorHandler(2, 'file_get_conten...', 'C:\\xampp\\htdocs...', 24)
#1 C:\xampp\htdocs\sisjam_code\app\Views\login.php(24): file_get_contents('C:\\xampp\\htdocs...')
#2 C:\xampp\htdocs\sisjam_code\system\View\View.php(210): include('C:\\xampp\\htdocs...')
#3 C:\xampp\htdocs\sisjam_code\system\View\View.php(213): CodeIgniter\View\View->CodeIgniter\View\{closure}()
#4 C:\xampp\htdocs\sisjam_code\system\Common.php(1089): CodeIgniter\View\View->render('login', Array, true)
#5 C:\xampp\htdocs\sisjam_code\app\Controllers\Home.php(9): view('login')
#6 C:\xampp\htdocs\sisjam_code\system\CodeIgniter.php(832): App\Controllers\Home->index()
#7 C:\xampp\htdocs\sisjam_code\system\CodeIgniter.php(419): CodeIgniter\CodeIgniter->runController(Object(App\Controllers\Home))
#8 C:\xampp\htdocs\sisjam_code\system\CodeIgniter.php(326): CodeIgniter\CodeIgniter->handleRequest(NULL, Object(Config\Cache), false)
#9 C:\xampp\htdocs\sisjam_code\public\index.php(37): CodeIgniter\CodeIgniter->run()
#10 C:\xampp\htdocs\sisjam_code\system\Commands\Server\rewrite.php(43): require_once('C:\\xampp\\htdocs...')
#11 {main}
CRITICAL - 2022-05-07 20:53:02 --> file_get_contents(C:\xampp\htdocs\sisjam_code\app\Views\style-login.css): Failed to open stream: No such file or directory
#0 [internal function]: CodeIgniter\Debug\Exceptions->errorHandler(2, 'file_get_conten...', 'C:\\xampp\\htdocs...', 24)
#1 C:\xampp\htdocs\sisjam_code\app\Views\login.php(24): file_get_contents('C:\\xampp\\htdocs...')
#2 C:\xampp\htdocs\sisjam_code\system\View\View.php(210): include('C:\\xampp\\htdocs...')
#3 C:\xampp\htdocs\sisjam_code\system\View\View.php(213): CodeIgniter\View\View->CodeIgniter\View\{closure}()
#4 C:\xampp\htdocs\sisjam_code\system\Common.php(1089): CodeIgniter\View\View->render('login', Array, true)
#5 C:\xampp\htdocs\sisjam_code\app\Controllers\Home.php(9): view('login')
#6 C:\xampp\htdocs\sisjam_code\system\CodeIgniter.php(832): App\Controllers\Home->index()
#7 C:\xampp\htdocs\sisjam_code\system\CodeIgniter.php(419): CodeIgniter\CodeIgniter->runController(Object(App\Controllers\Home))
#8 C:\xampp\htdocs\sisjam_code\system\CodeIgniter.php(326): CodeIgniter\CodeIgniter->handleRequest(NULL, Object(Config\Cache), false)
#9 C:\xampp\htdocs\sisjam_code\public\index.php(37): CodeIgniter\CodeIgniter->run()
#10 C:\xampp\htdocs\sisjam_code\system\Commands\Server\rewrite.php(43): require_once('C:\\xampp\\htdocs...')
#11 {main}
CRITICAL - 2022-05-07 20:54:22 --> file_get_contents(C:\xampp\htdocs\sisjam_code\app\Views\style-login.css): Failed to open stream: No such file or directory
#0 [internal function]: CodeIgniter\Debug\Exceptions->errorHandler(2, 'file_get_conten...', 'C:\\xampp\\htdocs...', 24)
#1 C:\xampp\htdocs\sisjam_code\app\Views\login.php(24): file_get_contents('C:\\xampp\\htdocs...')
#2 C:\xampp\htdocs\sisjam_code\system\View\View.php(210): include('C:\\xampp\\htdocs...')
#3 C:\xampp\htdocs\sisjam_code\system\View\View.php(213): CodeIgniter\View\View->CodeIgniter\View\{closure}()
#4 C:\xampp\htdocs\sisjam_code\system\Common.php(1089): CodeIgniter\View\View->render('login', Array, true)
#5 C:\xampp\htdocs\sisjam_code\app\Controllers\Home.php(9): view('login')
#6 C:\xampp\htdocs\sisjam_code\system\CodeIgniter.php(832): App\Controllers\Home->index()
#7 C:\xampp\htdocs\sisjam_code\system\CodeIgniter.php(419): CodeIgniter\CodeIgniter->runController(Object(App\Controllers\Home))
#8 C:\xampp\htdocs\sisjam_code\system\CodeIgniter.php(326): CodeIgniter\CodeIgniter->handleRequest(NULL, Object(Config\Cache), false)
#9 C:\xampp\htdocs\sisjam_code\public\index.php(37): CodeIgniter\CodeIgniter->run()
#10 C:\xampp\htdocs\sisjam_code\system\Commands\Server\rewrite.php(43): require_once('C:\\xampp\\htdocs...')
#11 {main}
CRITICAL - 2022-05-07 20:55:26 --> file_get_contents(C:\xampp\htdocs\sisjam_code\app\Views\style-login.css): Failed to open stream: No such file or directory
#0 [internal function]: CodeIgniter\Debug\Exceptions->errorHandler(2, 'file_get_conten...', 'C:\\xampp\\htdocs...', 24)
#1 C:\xampp\htdocs\sisjam_code\app\Views\login.php(24): file_get_contents('C:\\xampp\\htdocs...')
#2 C:\xampp\htdocs\sisjam_code\system\View\View.php(210): include('C:\\xampp\\htdocs...')
#3 C:\xampp\htdocs\sisjam_code\system\View\View.php(213): CodeIgniter\View\View->CodeIgniter\View\{closure}()
#4 C:\xampp\htdocs\sisjam_code\system\Common.php(1089): CodeIgniter\View\View->render('login', Array, true)
#5 C:\xampp\htdocs\sisjam_code\app\Controllers\Home.php(9): view('login')
#6 C:\xampp\htdocs\sisjam_code\system\CodeIgniter.php(832): App\Controllers\Home->index()
#7 C:\xampp\htdocs\sisjam_code\system\CodeIgniter.php(419): CodeIgniter\CodeIgniter->runController(Object(App\Controllers\Home))
#8 C:\xampp\htdocs\sisjam_code\system\CodeIgniter.php(326): CodeIgniter\CodeIgniter->handleRequest(NULL, Object(Config\Cache), false)
#9 C:\xampp\htdocs\sisjam_code\public\index.php(37): CodeIgniter\CodeIgniter->run()
#10 C:\xampp\htdocs\sisjam_code\system\Commands\Server\rewrite.php(43): require_once('C:\\xampp\\htdocs...')
#11 {main}
CRITICAL - 2022-05-07 20:59:12 --> file_get_contents(C:\xampp\htdocs\sisjam_code\app\Views\style-login.css): Failed to open stream: No such file or directory
#0 [internal function]: CodeIgniter\Debug\Exceptions->errorHandler(2, 'file_get_conten...', 'C:\\xampp\\htdocs...', 22)
#1 C:\xampp\htdocs\sisjam_code\app\Views\login.php(22): file_get_contents('C:\\xampp\\htdocs...')
#2 C:\xampp\htdocs\sisjam_code\system\View\View.php(210): include('C:\\xampp\\htdocs...')
#3 C:\xampp\htdocs\sisjam_code\system\View\View.php(213): CodeIgniter\View\View->CodeIgniter\View\{closure}()
#4 C:\xampp\htdocs\sisjam_code\system\Common.php(1089): CodeIgniter\View\View->render('login', Array, true)
#5 C:\xampp\htdocs\sisjam_code\app\Controllers\Home.php(9): view('login')
#6 C:\xampp\htdocs\sisjam_code\system\CodeIgniter.php(832): App\Controllers\Home->index()
#7 C:\xampp\htdocs\sisjam_code\system\CodeIgniter.php(419): CodeIgniter\CodeIgniter->runController(Object(App\Controllers\Home))
#8 C:\xampp\htdocs\sisjam_code\system\CodeIgniter.php(326): CodeIgniter\CodeIgniter->handleRequest(NULL, Object(Config\Cache), false)
#9 C:\xampp\htdocs\sisjam_code\public\index.php(37): CodeIgniter\CodeIgniter->run()
#10 C:\xampp\htdocs\sisjam_code\system\Commands\Server\rewrite.php(43): require_once('C:\\xampp\\htdocs...')
#11 {main}
CRITICAL - 2022-05-07 21:00:47 --> file_get_contents(C:\xampp\htdocs\sisjam_code\app\Views\style.login.css): Failed to open stream: No such file or directory
#0 [internal function]: CodeIgniter\Debug\Exceptions->errorHandler(2, 'file_get_conten...', 'C:\\xampp\\htdocs...', 22)
#1 C:\xampp\htdocs\sisjam_code\app\Views\login.php(22): file_get_contents('C:\\xampp\\htdocs...')
#2 C:\xampp\htdocs\sisjam_code\system\View\View.php(210): include('C:\\xampp\\htdocs...')
#3 C:\xampp\htdocs\sisjam_code\system\View\View.php(213): CodeIgniter\View\View->CodeIgniter\View\{closure}()
#4 C:\xampp\htdocs\sisjam_code\system\Common.php(1089): CodeIgniter\View\View->render('login', Array, true)
#5 C:\xampp\htdocs\sisjam_code\app\Controllers\Home.php(9): view('login')
#6 C:\xampp\htdocs\sisjam_code\system\CodeIgniter.php(832): App\Controllers\Home->index()
#7 C:\xampp\htdocs\sisjam_code\system\CodeIgniter.php(419): CodeIgniter\CodeIgniter->runController(Object(App\Controllers\Home))
#8 C:\xampp\htdocs\sisjam_code\system\CodeIgniter.php(326): CodeIgniter\CodeIgniter->handleRequest(NULL, Object(Config\Cache), false)
#9 C:\xampp\htdocs\sisjam_code\public\index.php(37): CodeIgniter\CodeIgniter->run()
#10 C:\xampp\htdocs\sisjam_code\system\Commands\Server\rewrite.php(43): require_once('C:\\xampp\\htdocs...')
#11 {main}
CRITICAL - 2022-05-07 21:06:35 --> syntax error, unexpected token "echo"
#0 C:\xampp\htdocs\sisjam_code\system\View\View.php(213): CodeIgniter\View\View->CodeIgniter\View\{closure}()
#1 C:\xampp\htdocs\sisjam_code\system\Common.php(1089): CodeIgniter\View\View->render('login', Array, true)
#2 C:\xampp\htdocs\sisjam_code\app\Controllers\Home.php(9): view('login')
#3 C:\xampp\htdocs\sisjam_code\system\CodeIgniter.php(832): App\Controllers\Home->index()
#4 C:\xampp\htdocs\sisjam_code\system\CodeIgniter.php(419): CodeIgniter\CodeIgniter->runController(Object(App\Controllers\Home))
#5 C:\xampp\htdocs\sisjam_code\system\CodeIgniter.php(326): CodeIgniter\CodeIgniter->handleRequest(NULL, Object(Config\Cache), false)
#6 C:\xampp\htdocs\sisjam_code\public\index.php(37): CodeIgniter\CodeIgniter->run()
#7 C:\xampp\htdocs\sisjam_code\system\Commands\Server\rewrite.php(43): require_once('C:\\xampp\\htdocs...')
#8 {main}
CRITICAL - 2022-05-07 21:56:42 --> Undefined constant "base_url"
#0 C:\xampp\htdocs\sisjam_code\system\View\View.php(210): include()
#1 C:\xampp\htdocs\sisjam_code\system\View\View.php(213): CodeIgniter\View\View->CodeIgniter\View\{closure}()
#2 C:\xampp\htdocs\sisjam_code\system\Common.php(1089): CodeIgniter\View\View->render('login', Array, true)
#3 C:\xampp\htdocs\sisjam_code\app\Controllers\Home.php(9): view('login')
#4 C:\xampp\htdocs\sisjam_code\system\CodeIgniter.php(832): App\Controllers\Home->index()
#5 C:\xampp\htdocs\sisjam_code\system\CodeIgniter.php(419): CodeIgniter\CodeIgniter->runController(Object(App\Controllers\Home))
#6 C:\xampp\htdocs\sisjam_code\system\CodeIgniter.php(326): CodeIgniter\CodeIgniter->handleRequest(NULL, Object(Config\Cache), false)
#7 C:\xampp\htdocs\sisjam_code\public\index.php(37): CodeIgniter\CodeIgniter->run()
#8 {main}
CRITICAL - 2022-05-07 21:57:31 --> syntax error, unexpected token ";"
#0 C:\xampp\htdocs\sisjam_code\system\View\View.php(213): CodeIgniter\View\View->CodeIgniter\View\{closure}()
#1 C:\xampp\htdocs\sisjam_code\system\Common.php(1089): CodeIgniter\View\View->render('login', Array, true)
#2 C:\xampp\htdocs\sisjam_code\app\Controllers\Home.php(9): view('login')
#3 C:\xampp\htdocs\sisjam_code\system\CodeIgniter.php(832): App\Controllers\Home->index()
#4 C:\xampp\htdocs\sisjam_code\system\CodeIgniter.php(419): CodeIgniter\CodeIgniter->runController(Object(App\Controllers\Home))
#5 C:\xampp\htdocs\sisjam_code\system\CodeIgniter.php(326): CodeIgniter\CodeIgniter->handleRequest(NULL, Object(Config\Cache), false)
#6 C:\xampp\htdocs\sisjam_code\public\index.php(37): CodeIgniter\CodeIgniter->run()
#7 {main}
CRITICAL - 2022-05-07 22:00:31 --> Undefined constant "base_url"
#0 C:\xampp\htdocs\sisjam_code\system\View\View.php(210): include()
#1 C:\xampp\htdocs\sisjam_code\system\View\View.php(213): CodeIgniter\View\View->CodeIgniter\View\{closure}()
#2 C:\xampp\htdocs\sisjam_code\system\Common.php(1089): CodeIgniter\View\View->render('login', Array, true)
#3 C:\xampp\htdocs\sisjam_code\app\Controllers\Home.php(9): view('login')
#4 C:\xampp\htdocs\sisjam_code\system\CodeIgniter.php(832): App\Controllers\Home->index()
#5 C:\xampp\htdocs\sisjam_code\system\CodeIgniter.php(419): CodeIgniter\CodeIgniter->runController(Object(App\Controllers\Home))
#6 C:\xampp\htdocs\sisjam_code\system\CodeIgniter.php(326): CodeIgniter\CodeIgniter->handleRequest(NULL, Object(Config\Cache), false)
#7 C:\xampp\htdocs\sisjam_code\public\index.php(37): CodeIgniter\CodeIgniter->run()
#8 {main}
CRITICAL - 2022-05-07 22:00:56 --> Undefined constant "base_url"
#0 C:\xampp\htdocs\sisjam_code\system\View\View.php(210): include()
#1 C:\xampp\htdocs\sisjam_code\system\View\View.php(213): CodeIgniter\View\View->CodeIgniter\View\{closure}()
#2 C:\xampp\htdocs\sisjam_code\system\Common.php(1089): CodeIgniter\View\View->render('login', Array, true)
#3 C:\xampp\htdocs\sisjam_code\app\Controllers\Home.php(9): view('login')
#4 C:\xampp\htdocs\sisjam_code\system\CodeIgniter.php(832): App\Controllers\Home->index()
#5 C:\xampp\htdocs\sisjam_code\system\CodeIgniter.php(419): CodeIgniter\CodeIgniter->runController(Object(App\Controllers\Home))
#6 C:\xampp\htdocs\sisjam_code\system\CodeIgniter.php(326): CodeIgniter\CodeIgniter->handleRequest(NULL, Object(Config\Cache), false)
#7 C:\xampp\htdocs\sisjam_code\public\index.php(37): CodeIgniter\CodeIgniter->run()
#8 {main}
CRITICAL - 2022-05-07 22:06:21 --> syntax error, unexpected token ";"
#0 C:\xampp\htdocs\sisjam_code\system\View\View.php(213): CodeIgniter\View\View->CodeIgniter\View\{closure}()
#1 C:\xampp\htdocs\sisjam_code\system\Common.php(1089): CodeIgniter\View\View->render('login', Array, true)
#2 C:\xampp\htdocs\sisjam_code\app\Controllers\Home.php(9): view('login')
#3 C:\xampp\htdocs\sisjam_code\system\CodeIgniter.php(832): App\Controllers\Home->index()
#4 C:\xampp\htdocs\sisjam_code\system\CodeIgniter.php(419): CodeIgniter\CodeIgniter->runController(Object(App\Controllers\Home))
#5 C:\xampp\htdocs\sisjam_code\system\CodeIgniter.php(326): CodeIgniter\CodeIgniter->handleRequest(NULL, Object(Config\Cache), false)
#6 C:\xampp\htdocs\sisjam_code\public\index.php(37): CodeIgniter\CodeIgniter->run()
#7 {main}
CRITICAL - 2022-05-07 22:20:50 --> syntax error, unexpected token "<"
#0 C:\xampp\htdocs\sisjam_code\system\View\View.php(213): CodeIgniter\View\View->CodeIgniter\View\{closure}()
#1 C:\xampp\htdocs\sisjam_code\system\Common.php(1089): CodeIgniter\View\View->render('login', Array, true)
#2 C:\xampp\htdocs\sisjam_code\app\Controllers\Home.php(9): view('login')
#3 C:\xampp\htdocs\sisjam_code\system\CodeIgniter.php(832): App\Controllers\Home->index()
#4 C:\xampp\htdocs\sisjam_code\system\CodeIgniter.php(419): CodeIgniter\CodeIgniter->runController(Object(App\Controllers\Home))
#5 C:\xampp\htdocs\sisjam_code\system\CodeIgniter.php(326): CodeIgniter\CodeIgniter->handleRequest(NULL, Object(Config\Cache), false)
#6 C:\xampp\htdocs\sisjam_code\public\index.php(37): CodeIgniter\CodeIgniter->run()
#7 C:\xampp\htdocs\sisjam_code\system\Commands\Server\rewrite.php(43): require_once('C:\\xampp\\htdocs...')
#8 {main}
CRITICAL - 2022-05-07 22:58:23 --> Invalid file: inicio.php
#0 C:\xampp\htdocs\sisjam_code\system\View\View.php(198): CodeIgniter\Exceptions\FrameworkException::forInvalidFile('inicio.php')
#1 C:\xampp\htdocs\sisjam_code\system\Common.php(1089): CodeIgniter\View\View->render('inicio', Array, true)
#2 C:\xampp\htdocs\sisjam_code\app\Controllers\Home.php(13): view('inicio')
#3 C:\xampp\htdocs\sisjam_code\system\CodeIgniter.php(832): App\Controllers\Home->inicio()
#4 C:\xampp\htdocs\sisjam_code\system\CodeIgniter.php(419): CodeIgniter\CodeIgniter->runController(Object(App\Controllers\Home))
#5 C:\xampp\htdocs\sisjam_code\system\CodeIgniter.php(326): CodeIgniter\CodeIgniter->handleRequest(NULL, Object(Config\Cache), false)
#6 C:\xampp\htdocs\sisjam_code\public\index.php(37): CodeIgniter\CodeIgniter->run()
#7 C:\xampp\htdocs\sisjam_code\system\Commands\Server\rewrite.php(43): require_once('C:\\xampp\\htdocs...')
#8 {main}
CRITICAL - 2022-05-07 23:03:11 --> Invalid file: usuario/inicio.php
#0 C:\xampp\htdocs\sisjam_code\system\View\View.php(198): CodeIgniter\Exceptions\FrameworkException::forInvalidFile('usuario/inicio....')
#1 C:\xampp\htdocs\sisjam_code\system\Common.php(1089): CodeIgniter\View\View->render('usuario/inicio', Array, true)
#2 C:\xampp\htdocs\sisjam_code\app\Controllers\Home.php(13): view('usuario/inicio')
#3 C:\xampp\htdocs\sisjam_code\system\CodeIgniter.php(832): App\Controllers\Home->inicio()
#4 C:\xampp\htdocs\sisjam_code\system\CodeIgniter.php(419): CodeIgniter\CodeIgniter->runController(Object(App\Controllers\Home))
#5 C:\xampp\htdocs\sisjam_code\system\CodeIgniter.php(326): CodeIgniter\CodeIgniter->handleRequest(NULL, Object(Config\Cache), false)
#6 C:\xampp\htdocs\sisjam_code\public\index.php(37): CodeIgniter\CodeIgniter->run()
#7 C:\xampp\htdocs\sisjam_code\system\Commands\Server\rewrite.php(43): require_once('C:\\xampp\\htdocs...')
#8 {main}
CRITICAL - 2022-05-07 23:31:56 --> Invalid file: view/user.php
#0 C:\xampp\htdocs\sisjam_code\system\View\View.php(198): CodeIgniter\Exceptions\FrameworkException::forInvalidFile('view/user.php')
#1 C:\xampp\htdocs\sisjam_code\system\Common.php(1089): CodeIgniter\View\View->render('view/user', Array, true)
#2 C:\xampp\htdocs\sisjam_code\app\Controllers\Home.php(13): view('view/user')
#3 C:\xampp\htdocs\sisjam_code\system\CodeIgniter.php(832): App\Controllers\Home->inicio()
#4 C:\xampp\htdocs\sisjam_code\system\CodeIgniter.php(419): CodeIgniter\CodeIgniter->runController(Object(App\Controllers\Home))
#5 C:\xampp\htdocs\sisjam_code\system\CodeIgniter.php(326): CodeIgniter\CodeIgniter->handleRequest(NULL, Object(Config\Cache), false)
#6 C:\xampp\htdocs\sisjam_code\public\index.php(37): CodeIgniter\CodeIgniter->run()
#7 C:\xampp\htdocs\sisjam_code\system\Commands\Server\rewrite.php(43): require_once('C:\\xampp\\htdocs...')
#8 {main}
CRITICAL - 2022-05-07 23:34:47 --> Invalid file: views/inicio.php
#0 C:\xampp\htdocs\sisjam_code\system\View\View.php(198): CodeIgniter\Exceptions\FrameworkException::forInvalidFile('views/inicio.ph...')
#1 C:\xampp\htdocs\sisjam_code\system\Common.php(1089): CodeIgniter\View\View->render('views/inicio', Array, true)
#2 C:\xampp\htdocs\sisjam_code\app\Controllers\Home.php(13): view('views/inicio')
#3 C:\xampp\htdocs\sisjam_code\system\CodeIgniter.php(832): App\Controllers\Home->inicio()
#4 C:\xampp\htdocs\sisjam_code\system\CodeIgniter.php(419): CodeIgniter\CodeIgniter->runController(Object(App\Controllers\Home))
#5 C:\xampp\htdocs\sisjam_code\system\CodeIgniter.php(326): CodeIgniter\CodeIgniter->handleRequest(NULL, Object(Config\Cache), false)
#6 C:\xampp\htdocs\sisjam_code\public\index.php(37): CodeIgniter\CodeIgniter->run()
#7 C:\xampp\htdocs\sisjam_code\system\Commands\Server\rewrite.php(43): require_once('C:\\xampp\\htdocs...')
#8 {main}
CRITICAL - 2022-05-07 23:34:59 --> Invalid file: inicio/inicio.php
#0 C:\xampp\htdocs\sisjam_code\system\View\View.php(198): CodeIgniter\Exceptions\FrameworkException::forInvalidFile('inicio/inicio.p...')
#1 C:\xampp\htdocs\sisjam_code\system\Common.php(1089): CodeIgniter\View\View->render('inicio/inicio', Array, true)
#2 C:\xampp\htdocs\sisjam_code\app\Controllers\Home.php(13): view('inicio/inicio')
#3 C:\xampp\htdocs\sisjam_code\system\CodeIgniter.php(832): App\Controllers\Home->inicio()
#4 C:\xampp\htdocs\sisjam_code\system\CodeIgniter.php(419): CodeIgniter\CodeIgniter->runController(Object(App\Controllers\Home))
#5 C:\xampp\htdocs\sisjam_code\system\CodeIgniter.php(326): CodeIgniter\CodeIgniter->handleRequest(NULL, Object(Config\Cache), false)
#6 C:\xampp\htdocs\sisjam_code\public\index.php(37): CodeIgniter\CodeIgniter->run()
#7 C:\xampp\htdocs\sisjam_code\system\Commands\Server\rewrite.php(43): require_once('C:\\xampp\\htdocs...')
#8 {main}
CRITICAL - 2022-05-07 23:35:10 --> Invalid file: inicio/inicio.php
#0 C:\xampp\htdocs\sisjam_code\system\View\View.php(198): CodeIgniter\Exceptions\FrameworkException::forInvalidFile('inicio/inicio.p...')
#1 C:\xampp\htdocs\sisjam_code\system\Common.php(1089): CodeIgniter\View\View->render('inicio/inicio', Array, true)
#2 C:\xampp\htdocs\sisjam_code\app\Controllers\Home.php(13): view('inicio/inicio')
#3 C:\xampp\htdocs\sisjam_code\system\CodeIgniter.php(832): App\Controllers\Home->inicio()
#4 C:\xampp\htdocs\sisjam_code\system\CodeIgniter.php(419): CodeIgniter\CodeIgniter->runController(Object(App\Controllers\Home))
#5 C:\xampp\htdocs\sisjam_code\system\CodeIgniter.php(326): CodeIgniter\CodeIgniter->handleRequest(NULL, Object(Config\Cache), false)
#6 C:\xampp\htdocs\sisjam_code\public\index.php(37): CodeIgniter\CodeIgniter->run()
#7 C:\xampp\htdocs\sisjam_code\system\Commands\Server\rewrite.php(43): require_once('C:\\xampp\\htdocs...')
#8 {main}
CRITICAL - 2022-05-07 23:35:13 --> Invalid file: inicio/inicio.php
#0 C:\xampp\htdocs\sisjam_code\system\View\View.php(198): CodeIgniter\Exceptions\FrameworkException::forInvalidFile('inicio/inicio.p...')
#1 C:\xampp\htdocs\sisjam_code\system\Common.php(1089): CodeIgniter\View\View->render('inicio/inicio', Array, true)
#2 C:\xampp\htdocs\sisjam_code\app\Controllers\Home.php(13): view('inicio/inicio')
#3 C:\xampp\htdocs\sisjam_code\system\CodeIgniter.php(832): App\Controllers\Home->inicio()
#4 C:\xampp\htdocs\sisjam_code\system\CodeIgniter.php(419): CodeIgniter\CodeIgniter->runController(Object(App\Controllers\Home))
#5 C:\xampp\htdocs\sisjam_code\system\CodeIgniter.php(326): CodeIgniter\CodeIgniter->handleRequest(NULL, Object(Config\Cache), false)
#6 C:\xampp\htdocs\sisjam_code\public\index.php(37): CodeIgniter\CodeIgniter->run()
#7 C:\xampp\htdocs\sisjam_code\system\Commands\Server\rewrite.php(43): require_once('C:\\xampp\\htdocs...')
#8 {main}
